{"M:\\Projects\\code_challengeDH\\App.tsx": {"path":"M:\\Projects\\code_challengeDH\\App.tsx","statementMap":{"0":{"start":{"line":10,"column":14},"end":{"line":10,"column":36}},"1":{"start":{"line":12,"column":12},"end":{"line":30,"column":1}},"2":{"start":{"line":13,"column":2},"end":{"line":29,"column":4}}},"fnMap":{"0":{"name":"(anonymous_0)","decl":{"start":{"line":12,"column":12},"end":{"line":12,"column":13}},"loc":{"start":{"line":12,"column":18},"end":{"line":30,"column":1}},"line":12}},"branchMap":{},"s":{"0":0,"1":0,"2":0},"f":{"0":0},"b":{}}
,"M:\\Projects\\code_challengeDH\\src\\pages\\detail-product\\index.tsx": {"path":"M:\\Projects\\code_challengeDH\\src\\pages\\detail-product\\index.tsx","statementMap":{"0":{"start":{"line":8,"column":0},"end":{"line":8,"column":20}},"1":{"start":{"line":14,"column":28},"end":{"line":61,"column":1}},"2":{"start":{"line":15,"column":30},"end":{"line":15,"column":48}},"3":{"start":{"line":16,"column":2},"end":{"line":60,"column":4}},"4":{"start":{"line":50,"column":25},"end":{"line":50,"column":44}},"5":{"start":{"line":65,"column":27},"end":{"line":119,"column":2}}},"fnMap":{"0":{"name":"(anonymous_0)","decl":{"start":{"line":14,"column":28},"end":{"line":14,"column":29}},"loc":{"start":{"line":14,"column":75},"end":{"line":61,"column":1}},"line":14},"1":{"name":"(anonymous_1)","decl":{"start":{"line":50,"column":19},"end":{"line":50,"column":20}},"loc":{"start":{"line":50,"column":25},"end":{"line":50,"column":44}},"line":50}},"branchMap":{"0":{"loc":{"start":{"line":44,"column":11},"end":{"line":44,"column":70}},"type":"cond-expr","locations":[{"start":{"line":44,"column":44},"end":{"line":44,"column":55}},{"start":{"line":44,"column":58},"end":{"line":44,"column":70}}],"line":44},"1":{"loc":{"start":{"line":69,"column":19},"end":{"line":69,"column":49}},"type":"cond-expr","locations":[{"start":{"line":69,"column":43},"end":{"line":69,"column":44}},{"start":{"line":69,"column":47},"end":{"line":69,"column":49}}],"line":69}},"s":{"0":0,"1":0,"2":0,"3":0,"4":0,"5":0},"f":{"0":0,"1":0},"b":{"0":[0,0],"1":[0,0]}}
,"M:\\Projects\\code_challengeDH\\src\\pages\\detail-product\\hooks\\index.ts": {"path":"M:\\Projects\\code_challengeDH\\src\\pages\\detail-product\\hooks\\index.ts","statementMap":{"0":{"start":{"line":3,"column":25},"end":{"line":9,"column":1}},"1":{"start":{"line":4,"column":30},"end":{"line":4,"column":71}},"2":{"start":{"line":4,"column":56},"end":{"line":4,"column":70}},"3":{"start":{"line":6,"column":2},"end":{"line":8,"column":4}}},"fnMap":{"0":{"name":"(anonymous_0)","decl":{"start":{"line":3,"column":25},"end":{"line":3,"column":26}},"loc":{"start":{"line":3,"column":31},"end":{"line":9,"column":1}},"line":3},"1":{"name":"(anonymous_1)","decl":{"start":{"line":4,"column":45},"end":{"line":4,"column":46}},"loc":{"start":{"line":4,"column":56},"end":{"line":4,"column":70}},"line":4}},"branchMap":{},"s":{"0":0,"1":0,"2":0,"3":0},"f":{"0":0,"1":0},"b":{}}
,"M:\\Projects\\code_challengeDH\\src\\pages\\product\\index.tsx": {"path":"M:\\Projects\\code_challengeDH\\src\\pages\\product\\index.tsx","statementMap":{"0":{"start":{"line":14,"column":23},"end":{"line":32,"column":1}},"1":{"start":{"line":16,"column":4},"end":{"line":16,"column":42}},"2":{"start":{"line":17,"column":2},"end":{"line":31,"column":4}},"3":{"start":{"line":34,"column":22},"end":{"line":49,"column":2}}},"fnMap":{"0":{"name":"(anonymous_0)","decl":{"start":{"line":14,"column":23},"end":{"line":14,"column":24}},"loc":{"start":{"line":14,"column":59},"end":{"line":32,"column":1}},"line":14}},"branchMap":{"0":{"loc":{"start":{"line":19,"column":7},"end":{"line":19,"column":29}},"type":"binary-expr","locations":[{"start":{"line":19,"column":7},"end":{"line":19,"column":14}},{"start":{"line":19,"column":18},"end":{"line":19,"column":29}}],"line":19},"1":{"loc":{"start":{"line":20,"column":7},"end":{"line":29,"column":7}},"type":"binary-expr","locations":[{"start":{"line":20,"column":7},"end":{"line":20,"column":15}},{"start":{"line":21,"column":8},"end":{"line":28,"column":11}}],"line":20}},"s":{"0":0,"1":0,"2":0,"3":0},"f":{"0":0},"b":{"0":[0,0],"1":[0,0]}}
,"M:\\Projects\\code_challengeDH\\src\\pages\\product\\components\\footer.tsx": {"path":"M:\\Projects\\code_challengeDH\\src\\pages\\product\\components\\footer.tsx","statementMap":{"0":{"start":{"line":10,"column":15},"end":{"line":44,"column":1}},"1":{"start":{"line":11,"column":2},"end":{"line":43,"column":11}},"2":{"start":{"line":18,"column":25},"end":{"line":18,"column":41}},"3":{"start":{"line":26,"column":25},"end":{"line":26,"column":46}},"4":{"start":{"line":38,"column":23},"end":{"line":38,"column":39}},"5":{"start":{"line":46,"column":20},"end":{"line":57,"column":2}}},"fnMap":{"0":{"name":"(anonymous_0)","decl":{"start":{"line":10,"column":15},"end":{"line":10,"column":16}},"loc":{"start":{"line":11,"column":2},"end":{"line":43,"column":11}},"line":11},"1":{"name":"(anonymous_1)","decl":{"start":{"line":18,"column":19},"end":{"line":18,"column":20}},"loc":{"start":{"line":18,"column":25},"end":{"line":18,"column":41}},"line":18},"2":{"name":"(anonymous_2)","decl":{"start":{"line":26,"column":19},"end":{"line":26,"column":20}},"loc":{"start":{"line":26,"column":25},"end":{"line":26,"column":46}},"line":26},"3":{"name":"(anonymous_3)","decl":{"start":{"line":38,"column":17},"end":{"line":38,"column":18}},"loc":{"start":{"line":38,"column":23},"end":{"line":38,"column":39}},"line":38}},"branchMap":{"0":{"loc":{"start":{"line":12,"column":5},"end":{"line":31,"column":5}},"type":"binary-expr","locations":[{"start":{"line":12,"column":5},"end":{"line":12,"column":27}},{"start":{"line":13,"column":6},"end":{"line":30,"column":9}}],"line":12},"1":{"loc":{"start":{"line":32,"column":5},"end":{"line":42,"column":5}},"type":"binary-expr","locations":[{"start":{"line":32,"column":5},"end":{"line":32,"column":27}},{"start":{"line":33,"column":6},"end":{"line":41,"column":15}}],"line":32}},"s":{"0":0,"1":0,"2":0,"3":0,"4":0,"5":0},"f":{"0":0,"1":0,"2":0,"3":0},"b":{"0":[0,0],"1":[0,0]}}
,"M:\\Projects\\code_challengeDH\\src\\pages\\product\\components\\header.tsx": {"path":"M:\\Projects\\code_challengeDH\\src\\pages\\product\\components\\header.tsx","statementMap":{"0":{"start":{"line":4,"column":15},"end":{"line":12,"column":1}},"1":{"start":{"line":5,"column":2},"end":{"line":11,"column":4}},"2":{"start":{"line":14,"column":20},"end":{"line":29,"column":2}}},"fnMap":{"0":{"name":"(anonymous_0)","decl":{"start":{"line":4,"column":15},"end":{"line":4,"column":16}},"loc":{"start":{"line":4,"column":21},"end":{"line":12,"column":1}},"line":4}},"branchMap":{},"s":{"0":0,"1":0,"2":0},"f":{"0":0},"b":{}}
,"M:\\Projects\\code_challengeDH\\src\\pages\\product\\components\\point-box.tsx": {"path":"M:\\Projects\\code_challengeDH\\src\\pages\\product\\components\\point-box.tsx","statementMap":{"0":{"start":{"line":8,"column":17},"end":{"line":21,"column":1}},"1":{"start":{"line":9,"column":2},"end":{"line":20,"column":8}},"2":{"start":{"line":23,"column":22},"end":{"line":45,"column":2}}},"fnMap":{"0":{"name":"(anonymous_0)","decl":{"start":{"line":8,"column":17},"end":{"line":8,"column":18}},"loc":{"start":{"line":9,"column":2},"end":{"line":20,"column":8}},"line":9}},"branchMap":{},"s":{"0":1,"1":1,"2":1},"f":{"0":1},"b":{},"_coverageSchema":"1a1c01bbd47fc00a2c39e90264f33305004495a9","hash":"828c3fec9ff047a3423820890604225a219e73a0"}
,"M:\\Projects\\code_challengeDH\\src\\pages\\product\\components\\product-list.tsx": {"path":"M:\\Projects\\code_challengeDH\\src\\pages\\product\\components\\product-list.tsx","statementMap":{"0":{"start":{"line":16,"column":0},"end":{"line":16,"column":20}},"1":{"start":{"line":18,"column":21},"end":{"line":18,"column":52}},"2":{"start":{"line":25,"column":20},"end":{"line":78,"column":1}},"3":{"start":{"line":26,"column":2},"end":{"line":77,"column":4}},"4":{"start":{"line":31,"column":6},"end":{"line":74,"column":15}},"5":{"start":{"line":33,"column":10},"end":{"line":33,"column":30}},"6":{"start":{"line":76,"column":28},"end":{"line":76,"column":35}},"7":{"start":{"line":80,"column":25},"end":{"line":125,"column":2}}},"fnMap":{"0":{"name":"(anonymous_0)","decl":{"start":{"line":25,"column":20},"end":{"line":25,"column":21}},"loc":{"start":{"line":26,"column":2},"end":{"line":77,"column":4}},"line":26},"1":{"name":"(anonymous_1)","decl":{"start":{"line":30,"column":16},"end":{"line":30,"column":17}},"loc":{"start":{"line":31,"column":6},"end":{"line":74,"column":15}},"line":31},"2":{"name":"(anonymous_2)","decl":{"start":{"line":32,"column":17},"end":{"line":32,"column":18}},"loc":{"start":{"line":32,"column":23},"end":{"line":34,"column":9}},"line":32},"3":{"name":"(anonymous_3)","decl":{"start":{"line":76,"column":18},"end":{"line":76,"column":19}},"loc":{"start":{"line":76,"column":28},"end":{"line":76,"column":35}},"line":76}},"branchMap":{"0":{"loc":{"start":{"line":62,"column":21},"end":{"line":62,"column":63}},"type":"cond-expr","locations":[{"start":{"line":62,"column":42},"end":{"line":62,"column":51}},{"start":{"line":62,"column":54},"end":{"line":62,"column":63}}],"line":62},"1":{"loc":{"start":{"line":64,"column":15},"end":{"line":64,"column":45}},"type":"cond-expr","locations":[{"start":{"line":64,"column":36},"end":{"line":64,"column":39}},{"start":{"line":64,"column":42},"end":{"line":64,"column":45}}],"line":64}},"s":{"0":0,"1":0,"2":0,"3":0,"4":0,"5":0,"6":0,"7":0},"f":{"0":0,"1":0,"2":0,"3":0},"b":{"0":[0,0],"1":[0,0]}}
,"M:\\Projects\\code_challengeDH\\src\\pages\\product\\hooks\\use-product.ts": {"path":"M:\\Projects\\code_challengeDH\\src\\pages\\product\\hooks\\use-product.ts","statementMap":{"0":{"start":{"line":13,"column":19},"end":{"line":58,"column":1}},"1":{"start":{"line":14,"column":19},"end":{"line":14,"column":35}},"2":{"start":{"line":15,"column":31},"end":{"line":15,"column":72}},"3":{"start":{"line":15,"column":57},"end":{"line":15,"column":71}},"4":{"start":{"line":16,"column":28},"end":{"line":16,"column":39}},"5":{"start":{"line":17,"column":30},"end":{"line":17,"column":57}},"6":{"start":{"line":19,"column":24},"end":{"line":22,"column":3}},"7":{"start":{"line":20,"column":4},"end":{"line":20,"column":42}},"8":{"start":{"line":21,"column":4},"end":{"line":21,"column":54}},"9":{"start":{"line":24,"column":2},"end":{"line":34,"column":25}},"10":{"start":{"line":25,"column":4},"end":{"line":33,"column":6}},"11":{"start":{"line":27,"column":8},"end":{"line":31,"column":9}},"12":{"start":{"line":28,"column":10},"end":{"line":28,"column":39}},"13":{"start":{"line":30,"column":10},"end":{"line":30,"column":39}},"14":{"start":{"line":36,"column":2},"end":{"line":38,"column":9}},"15":{"start":{"line":37,"column":4},"end":{"line":37,"column":28}},"16":{"start":{"line":40,"column":2},"end":{"line":57,"column":4}},"17":{"start":{"line":42,"column":6},"end":{"line":44,"column":7}},"18":{"start":{"line":43,"column":8},"end":{"line":43,"column":20}},"19":{"start":{"line":45,"column":6},"end":{"line":47,"column":7}},"20":{"start":{"line":46,"column":8},"end":{"line":46,"column":38}},"21":{"start":{"line":48,"column":6},"end":{"line":50,"column":7}},"22":{"start":{"line":49,"column":8},"end":{"line":49,"column":37}}},"fnMap":{"0":{"name":"(anonymous_0)","decl":{"start":{"line":13,"column":19},"end":{"line":13,"column":20}},"loc":{"start":{"line":13,"column":57},"end":{"line":58,"column":1}},"line":13},"1":{"name":"(anonymous_1)","decl":{"start":{"line":15,"column":46},"end":{"line":15,"column":47}},"loc":{"start":{"line":15,"column":57},"end":{"line":15,"column":71}},"line":15},"2":{"name":"(anonymous_2)","decl":{"start":{"line":19,"column":24},"end":{"line":19,"column":25}},"loc":{"start":{"line":19,"column":47},"end":{"line":22,"column":3}},"line":19},"3":{"name":"(anonymous_3)","decl":{"start":{"line":24,"column":12},"end":{"line":24,"column":13}},"loc":{"start":{"line":24,"column":18},"end":{"line":34,"column":3}},"line":24},"4":{"name":"(anonymous_4)","decl":{"start":{"line":26,"column":30},"end":{"line":26,"column":31}},"loc":{"start":{"line":26,"column":49},"end":{"line":32,"column":7}},"line":26},"5":{"name":"(anonymous_5)","decl":{"start":{"line":36,"column":12},"end":{"line":36,"column":13}},"loc":{"start":{"line":36,"column":18},"end":{"line":38,"column":3}},"line":36},"6":{"name":"(anonymous_6)","decl":{"start":{"line":41,"column":38},"end":{"line":41,"column":39}},"loc":{"start":{"line":41,"column":51},"end":{"line":51,"column":5}},"line":41}},"branchMap":{"0":{"loc":{"start":{"line":27,"column":8},"end":{"line":31,"column":9}},"type":"if","locations":[{"start":{"line":27,"column":8},"end":{"line":31,"column":9}},{"start":{"line":29,"column":15},"end":{"line":31,"column":9}}],"line":27},"1":{"loc":{"start":{"line":42,"column":6},"end":{"line":44,"column":7}},"type":"if","locations":[{"start":{"line":42,"column":6},"end":{"line":44,"column":7}},{"start":{},"end":{}}],"line":42},"2":{"loc":{"start":{"line":45,"column":6},"end":{"line":47,"column":7}},"type":"if","locations":[{"start":{"line":45,"column":6},"end":{"line":47,"column":7}},{"start":{},"end":{}}],"line":45},"3":{"loc":{"start":{"line":48,"column":6},"end":{"line":50,"column":7}},"type":"if","locations":[{"start":{"line":48,"column":6},"end":{"line":50,"column":7}},{"start":{},"end":{}}],"line":48}},"s":{"0":0,"1":0,"2":0,"3":0,"4":0,"5":0,"6":0,"7":0,"8":0,"9":0,"10":0,"11":0,"12":0,"13":0,"14":0,"15":0,"16":0,"17":0,"18":0,"19":0,"20":0,"21":0,"22":0},"f":{"0":0,"1":0,"2":0,"3":0,"4":0,"5":0,"6":0},"b":{"0":[0,0],"1":[0,0],"2":[0,0],"3":[0,0]}}
,"M:\\Projects\\code_challengeDH\\src\\services\\store.ts": {"path":"M:\\Projects\\code_challengeDH\\src\\services\\store.ts","statementMap":{"0":{"start":{"line":4,"column":14},"end":{"line":8,"column":2}}},"fnMap":{},"branchMap":{},"s":{"0":0},"f":{},"b":{}}
,"M:\\Projects\\code_challengeDH\\src\\services\\product\\api.ts": {"path":"M:\\Projects\\code_challengeDH\\src\\services\\product\\api.ts","statementMap":{"0":{"start":{"line":2,"column":23},"end":{"line":19,"column":6}},"1":{"start":{"line":3,"column":4},"end":{"line":19,"column":6}},"2":{"start":{"line":4,"column":29},"end":{"line":9,"column":7}},"3":{"start":{"line":10,"column":6},"end":{"line":18,"column":41}},"4":{"start":{"line":15,"column":10},"end":{"line":15,"column":33}},"5":{"start":{"line":17,"column":24},"end":{"line":17,"column":37}},"6":{"start":{"line":18,"column":26},"end":{"line":18,"column":39}}},"fnMap":{"0":{"name":"(anonymous_0)","decl":{"start":{"line":2,"column":23},"end":{"line":2,"column":24}},"loc":{"start":{"line":3,"column":4},"end":{"line":19,"column":6}},"line":3},"1":{"name":"(anonymous_1)","decl":{"start":{"line":3,"column":16},"end":{"line":3,"column":17}},"loc":{"start":{"line":3,"column":42},"end":{"line":19,"column":5}},"line":3},"2":{"name":"(anonymous_2)","decl":{"start":{"line":14,"column":14},"end":{"line":14,"column":15}},"loc":{"start":{"line":14,"column":28},"end":{"line":16,"column":9}},"line":14},"3":{"name":"(anonymous_3)","decl":{"start":{"line":17,"column":14},"end":{"line":17,"column":15}},"loc":{"start":{"line":17,"column":24},"end":{"line":17,"column":37}},"line":17},"4":{"name":"(anonymous_4)","decl":{"start":{"line":18,"column":15},"end":{"line":18,"column":16}},"loc":{"start":{"line":18,"column":26},"end":{"line":18,"column":39}},"line":18}},"branchMap":{},"s":{"0":0,"1":0,"2":0,"3":0,"4":0,"5":0,"6":0},"f":{"0":0,"1":0,"2":0,"3":0,"4":0},"b":{}}
,"M:\\Projects\\code_challengeDH\\src\\services\\product\\interface.ts": {"path":"M:\\Projects\\code_challengeDH\\src\\services\\product\\interface.ts","statementMap":{},"fnMap":{},"branchMap":{},"s":{},"f":{},"b":{}}
,"M:\\Projects\\code_challengeDH\\src\\services\\product\\slice.ts": {"path":"M:\\Projects\\code_challengeDH\\src\\services\\product\\slice.ts","statementMap":{"0":{"start":{"line":5,"column":45},"end":{"line":14,"column":1}},"1":{"start":{"line":16,"column":29},"end":{"line":37,"column":2}},"2":{"start":{"line":21,"column":6},"end":{"line":21,"column":45}},"3":{"start":{"line":25,"column":4},"end":{"line":27,"column":7}},"4":{"start":{"line":26,"column":6},"end":{"line":26,"column":27}},"5":{"start":{"line":28,"column":4},"end":{"line":31,"column":7}},"6":{"start":{"line":29,"column":6},"end":{"line":29,"column":28}},"7":{"start":{"line":30,"column":6},"end":{"line":30,"column":46}},"8":{"start":{"line":32,"column":4},"end":{"line":35,"column":7}},"9":{"start":{"line":33,"column":6},"end":{"line":33,"column":28}},"10":{"start":{"line":34,"column":6},"end":{"line":34,"column":52}},"11":{"start":{"line":39,"column":38},"end":{"line":39,"column":59}}},"fnMap":{"0":{"name":"(anonymous_0)","decl":{"start":{"line":20,"column":24},"end":{"line":20,"column":25}},"loc":{"start":{"line":20,"column":43},"end":{"line":22,"column":5}},"line":20},"1":{"name":"(anonymous_1)","decl":{"start":{"line":24,"column":17},"end":{"line":24,"column":18}},"loc":{"start":{"line":24,"column":30},"end":{"line":36,"column":3}},"line":24},"2":{"name":"(anonymous_2)","decl":{"start":{"line":25,"column":41},"end":{"line":25,"column":42}},"loc":{"start":{"line":25,"column":52},"end":{"line":27,"column":5}},"line":25},"3":{"name":"(anonymous_3)","decl":{"start":{"line":28,"column":43},"end":{"line":28,"column":44}},"loc":{"start":{"line":28,"column":62},"end":{"line":31,"column":5}},"line":28},"4":{"name":"(anonymous_4)","decl":{"start":{"line":32,"column":42},"end":{"line":32,"column":43}},"loc":{"start":{"line":32,"column":61},"end":{"line":35,"column":5}},"line":32}},"branchMap":{},"s":{"0":0,"1":0,"2":0,"3":0,"4":0,"5":0,"6":0,"7":0,"8":0,"9":0,"10":0,"11":0},"f":{"0":0,"1":0,"2":0,"3":0,"4":0},"b":{}}
,"M:\\Projects\\code_challengeDH\\src\\services\\product\\thunk.ts": {"path":"M:\\Projects\\code_challengeDH\\src\\services\\product\\thunk.ts","statementMap":{"0":{"start":{"line":4,"column":32},"end":{"line":11,"column":1}},"1":{"start":{"line":7,"column":26},"end":{"line":7,"column":56}},"2":{"start":{"line":8,"column":4},"end":{"line":8,"column":34}},"3":{"start":{"line":8,"column":18},"end":{"line":8,"column":34}},"4":{"start":{"line":9,"column":4},"end":{"line":9,"column":39}}},"fnMap":{"0":{"name":"(anonymous_0)","decl":{"start":{"line":6,"column":2},"end":{"line":6,"column":3}},"loc":{"start":{"line":6,"column":36},"end":{"line":10,"column":3}},"line":6}},"branchMap":{"0":{"loc":{"start":{"line":8,"column":4},"end":{"line":8,"column":34}},"type":"if","locations":[{"start":{"line":8,"column":4},"end":{"line":8,"column":34}},{"start":{},"end":{}}],"line":8}},"s":{"0":0,"1":0,"2":0,"3":0,"4":0},"f":{"0":0},"b":{"0":[0,0]}}
,"M:\\Projects\\code_challengeDH\\src\\services\\types\\redux.tsx": {"path":"M:\\Projects\\code_challengeDH\\src\\services\\types\\redux.tsx","statementMap":{"0":{"start":{"line":5,"column":30},"end":{"line":5,"column":62}},"1":{"start":{"line":5,"column":36},"end":{"line":5,"column":62}},"2":{"start":{"line":6,"column":63},"end":{"line":6,"column":74}}},"fnMap":{"0":{"name":"(anonymous_0)","decl":{"start":{"line":5,"column":30},"end":{"line":5,"column":31}},"loc":{"start":{"line":5,"column":36},"end":{"line":5,"column":62}},"line":5}},"branchMap":{},"s":{"0":0,"1":0,"2":0},"f":{"0":0},"b":{}}
}
